ZERO_RESULTS
5 : Keshogiri+H.O.,Andhra+Pradesh,India
ZERO_RESULTS
6 : Karuwansahu,Andhra+Pradesh,India
ZERO_RESULTS
21 : EME+Records,Andhra+Pradesh,India
ZERO_RESULTS
22 : Central+Secretariat,Andhra+Pradesh,India
ZERO_RESULTS
41 : Industrial+Estate+Moulali,Andhra+Pradesh,India
ZERO_RESULTS
43 : Hindustan+Aeronautics,Andhra+Pradesh,India
ZERO_RESULTS
51 : Chandan+Nagar,Andhra+Pradesh,India
ZERO_RESULTS
53 : Katedhanie,Andhra+Pradesh,India
ZERO_RESULTS
61 : P&T+Colony,Andhra+Pradesh,India
ZERO_RESULTS
64 : Central+Secretariat,Andhra+Pradesh,India
ZERO_RESULTS
68 : Kulsumpura,Andhra+Pradesh,India
ZERO_RESULTS
84 : Nava+Nirman+Nagar,Andhra+Pradesh,India
ZERO_RESULTS
90 : Ramkote,Andhra+Pradesh,India
